<?xml version="1.0" encoding="utf-8"?><testsuites name="pytest tests"><testsuite name="pytest" errors="0" failures="0" skipped="0" tests="12" time="1.696" timestamp="2026-05-06T04:17:54.462153+00:00" hostname="agent-env-bc0cc6fc-72ff-412c-8af9-f967eb0af6d6"><testcase classname="backend.tests.test_gesture_api.TestDevices" name="test_list_devices_autoseed" time="0.302" /><testcase classname="backend.tests.test_gesture_api.TestDevices" name="test_patch_turn_on" time="0.108" /><testcase classname="backend.tests.test_gesture_api.TestDevices" name="test_light_level_clamp_upper" time="0.048" /><testcase classname="backend.tests.test_gesture_api.TestDevices" name="test_light_level_90_retained" time="0.045" /><testcase classname="backend.tests.test_gesture_api.TestDevices" name="test_fan_level_clamp" time="0.069" /><testcase classname="backend.tests.test_gesture_api.TestDevices" name="test_fan_level_clamp_lower" time="0.044" /><testcase classname="backend.tests.test_gesture_api.TestDevices" name="test_patch_nonexistent_returns_404" time="0.051" /><testcase classname="backend.tests.test_gesture_api.TestDevices" name="test_reset_returns_defaults" time="0.096" /><testcase classname="backend.tests.test_gesture_api.TestGestureEvents" name="test_create_event" time="0.107" /><testcase classname="backend.tests.test_gesture_api.TestGestureEvents" name="test_list_events_sorted_desc" time="0.228" /><testcase classname="backend.tests.test_gesture_api.TestGestureEvents" name="test_delete_all_events" time="0.133" /><testcase classname="backend.tests.test_gesture_api.TestStats" name="test_stats_aggregation" time="0.315" /></testsuite></testsuites>